<?xml version="1.0" encoding="UTF-8"?>
<!-- Generated by org.testng.reporters.JUnitReportReporter -->
<testsuite hostname="DESKTOP-NGLEVDF" failures="0" tests="1" name="com.bots.lib.testscripts.ContactUs" time="47.010" errors="0" timestamp="1 Apr 2022 10:13:24 GMT">
  <testcase classname="com.bots.lib.testscripts.ContactUs" name="tc003" time="47.010"/>
</testsuite> <!-- com.bots.lib.testscripts.ContactUs -->
