<?xml version="1.0" encoding="UTF-8"?>
<!-- Generated by org.testng.reporters.JUnitReportReporter -->
<testsuite hostname="DESKTOP-NGLEVDF" failures="0" tests="1" name="com.bots.lib.testscripts.Login" time="26.459" errors="0" timestamp="1 Apr 2022 10:13:24 GMT">
  <testcase classname="com.bots.lib.testscripts.Login" name="tc001" time="26.459"/>
</testsuite> <!-- com.bots.lib.testscripts.Login -->
